This is pdfTeX, Version 3.1415926-2.5-1.40.14 (MiKTeX 2.9) (preloaded format=pdftex 2015.11.24)  24 NOV 2015 12:10
entering extended mode
**C:/Users/Suzanne/Documents/Suzanne/Studie/15'16*blok*2*Communiceren*in*de*wis
k/Congruente-Getallen/bib.bib

("C:/Users/Suzanne/Documents/Suzanne/Studie/15'16 blok 2 Communiceren in de wis
k/Congruente-Getallen/bib.bib"
! Missing $ inserted.
<inserted text> 
                $
<to be read again> 
                   _
l.1 @MISC{Oort_
               p3,
? 
! Emergency stop.
<inserted text> 
                $
<to be read again> 
                   _
l.1 @MISC{Oort_
               p3,
End of file on the terminal!

!  ==> Fatal error occurred, no output PDF file produced!
